<?xml version="1.0" encoding="UTF-8"?>
<testng-results skipped="0" failed="0" total="2" passed="2">
  <reporter-output>
  </reporter-output>
  <suite name="Suite" duration-ms="49" started-at="2019-12-07T13:52:07Z" finished-at="2019-12-07T13:52:07Z">
    <groups>
    </groups>
    <test name="Test" duration-ms="49" started-at="2019-12-07T13:52:07Z" finished-at="2019-12-07T13:52:07Z">
      <class name="FreshStart.FreshProject.Module1.Module1Objects">
        <test-method status="PASS" signature="firstMethod()[pri:0, instance:FreshStart.FreshProject.Module1.Module1Objects@32d992b2]" name="firstMethod" duration-ms="18" started-at="2019-12-07T19:22:07Z" finished-at="2019-12-07T19:22:07Z">
          <reporter-output>
          </reporter-output>
        </test-method> <!-- firstMethod -->
      </class> <!-- FreshStart.FreshProject.Module1.Module1Objects -->
      <class name="FreshStart.FreshProject.Module1.Module1Tests">
        <test-method status="PASS" signature="secondMethod()[pri:0, instance:FreshStart.FreshProject.Module1.Module1Tests@7921b0a2]" name="secondMethod" duration-ms="2" started-at="2019-12-07T19:22:07Z" finished-at="2019-12-07T19:22:07Z">
          <reporter-output>
          </reporter-output>
        </test-method> <!-- secondMethod -->
      </class> <!-- FreshStart.FreshProject.Module1.Module1Tests -->
    </test> <!-- Test -->
  </suite> <!-- Suite -->
</testng-results>
